  pg2_vertexbuffer.cpp
  pg2_indexbuffer.cpp
  Text.cpp
  Renderer.cpp
c:\users\822\documents\graficos3\engine3d\bugmachine\bugmachine\renderer.cpp(198): warning C4018: '<': no coinciden signed/unsigned
c:\users\822\documents\graficos3\engine3d\bugmachine\bugmachine\renderer.cpp(208): warning C4018: '<': no coinciden signed/unsigned
  Node.cpp
  Mesh.cpp
  Importador.cpp
  Game.cpp
  Frustum.cpp
  Entity3D.cpp
  Engine.cpp
  Camera.cpp
  Bsp_Plane.cpp
  Generando código...
     Creando biblioteca C:\Users\822\Documents\Graficos3\Engine3D\BugMachine\\bin\Win32\Debug\BugMachine.lib y objeto C:\Users\822\Documents\Graficos3\Engine3D\BugMachine\\bin\Win32\Debug\BugMachine.exp
Window.obj : warning LNK4099: no se encontr¾ PDB 'vc140.pdb' con 'Window.obj' o en 'C:\Users\822\Documents\Graficos3\Engine3D\BugMachine\bin\Win32\Debug\vc140.pdb'; se vincularß el objeto sin tener en cuenta informaci¾n de depuraci¾n
pg1_timer.obj : warning LNK4099: no se encontr¾ PDB 'vc140.pdb' con 'pg1_timer.obj' o en 'C:\Users\822\Documents\Graficos3\Engine3D\BugMachine\bin\Win32\Debug\vc140.pdb'; se vincularß el objeto sin tener en cuenta informaci¾n de depuraci¾n
pg1_input.obj : warning LNK4099: no se encontr¾ PDB 'vc140.pdb' con 'pg1_input.obj' o en 'C:\Users\822\Documents\Graficos3\Engine3D\BugMachine\bin\Win32\Debug\vc140.pdb'; se vincularß el objeto sin tener en cuenta informaci¾n de depuraci¾n
pg1_directinput.obj : warning LNK4099: no se encontr¾ PDB 'vc140.pdb' con 'pg1_directinput.obj' o en 'C:\Users\822\Documents\Graficos3\Engine3D\BugMachine\bin\Win32\Debug\vc140.pdb'; se vincularß el objeto sin tener en cuenta informaci¾n de depuraci¾n
  BugMachine.vcxproj -> C:\Users\822\Documents\Graficos3\Engine3D\BugMachine\\bin\Win32\Debug\BugMachine.dll
  BugMachine.vcxproj -> C:\Users\822\Documents\Graficos3\Engine3D\BugMachine\\bin\Win32\Debug\BugMachine.pdb (Full PDB)
